1592021599779	mozrunner::runner	INFO	Running command: "/usr/bin/firefox" "-marionette" "-foreground" "-no-remote" "-profile" "/tmp/rust_mozprofileSGacLX"
1592021609136	Marionette	INFO	Listening on port 43901
1592021609526	Marionette	WARN	TLS certificate errors will be ignored for this session
1592021623363	Marionette	INFO	Stopped listening on port 43901
1592021847638	mozrunner::runner	INFO	Running command: "/usr/bin/firefox" "-marionette" "-foreground" "-no-remote" "-profile" "/tmp/rust_mozprofilehW3gFB"
1592021853321	Marionette	INFO	Listening on port 46615
1592021853352	Marionette	WARN	TLS certificate errors will be ignored for this session
JavaScript error: resource://gre/modules/UrlClassifierListManager.jsm, line 691: TypeError: this.tablesData[table] is undefined
1592021879243	Marionette	INFO	Stopped listening on port 46615
1592021888672	mozrunner::runner	INFO	Running command: "/usr/bin/firefox" "-marionette" "-foreground" "-no-remote" "-profile" "/tmp/rust_mozprofileUNyLur"
1592021893341	Marionette	INFO	Listening on port 44911
1592021893387	Marionette	WARN	TLS certificate errors will be ignored for this session
JavaScript warning: https://web.whatsapp.com/app.5be2ce7458b30031ac49.js, line 1: unreachable code after return statement
JavaScript warning: https://web.whatsapp.com/app.5be2ce7458b30031ac49.js, line 1: unreachable code after return statement
JavaScript warning: https://web.whatsapp.com/app.5be2ce7458b30031ac49.js, line 1: unreachable code after return statement
1592021925849	Marionette	INFO	Stopped listening on port 44911
1592021939425	mozrunner::runner	INFO	Running command: "/usr/bin/firefox" "-marionette" "-foreground" "-no-remote" "-profile" "/tmp/rust_mozprofile9Q7nCp"
1592021945161	Marionette	INFO	Listening on port 45997
1592021945241	Marionette	WARN	TLS certificate errors will be ignored for this session
JavaScript warning: https://web.whatsapp.com/app.5be2ce7458b30031ac49.js, line 1: unreachable code after return statement
JavaScript warning: https://web.whatsapp.com/app.5be2ce7458b30031ac49.js, line 1: unreachable code after return statement
JavaScript warning: https://web.whatsapp.com/app.5be2ce7458b30031ac49.js, line 1: unreachable code after return statement
1592021964201	Marionette	INFO	Stopped listening on port 45997
1592022038856	mozrunner::runner	INFO	Running command: "/usr/bin/firefox" "-marionette" "-foreground" "-no-remote" "-profile" "/tmp/rust_mozprofilejomR2t"
1592022043883	Marionette	INFO	Listening on port 34563
1592022043972	Marionette	WARN	TLS certificate errors will be ignored for this session
JavaScript warning: https://web.whatsapp.com/app.5be2ce7458b30031ac49.js, line 1: unreachable code after return statement
JavaScript warning: https://web.whatsapp.com/app.5be2ce7458b30031ac49.js, line 1: unreachable code after return statement
JavaScript warning: https://web.whatsapp.com/app.5be2ce7458b30031ac49.js, line 1: unreachable code after return statement
1592022055662	Marionette	INFO	Stopped listening on port 34563
JavaScript error: resource://gre/modules/UrlClassifierListManager.jsm, line 691: TypeError: this.tablesData[table] is undefined
